# JRE version: OpenJDK Runtime Environment (21.0.3) (build 21.0.3+-12282718-b509.11)
# Java VM: OpenJDK 64-Bit Server VM (21.0.3+-12282718-b509.11, mixed mode, tiered, compressed oops, compressed class ptrs, g1 gc, windows-amd64)
GC Precious Log:
 CardTable entry size: 512
 Card Set container configuration: InlinePtr #cards 5 size 8 Array Of Cards #cards 12 size 40 Howl #buckets 4 coarsen threshold 1843 Howl Bitmap #cards 512 size 80 coarsen threshold 460 Card regions per heap region 1 cards per card region 2048
 CPUs: 8 total, 8 available
 Memory: 8035M
 Large Page Support: Disabled
 NUMA Support: Disabled
 Compressed Oops: Enabled (32-bit)
 Heap Region Size: 1M
 Heap Min Capacity: 8M
 Heap Initial Capacity: 126M
 Heap Max Capacity: 2G
 Pre-touch: Disabled
 Parallel Workers: 8
 Concurrent Workers: 2
 Concurrent Refinement Workers: 8
 Periodic GC: Disabled
Heap:
 garbage-first heap   total 203776K, used 138374K [0x0000000080000000, 0x0000000100000000)
  region size 1024K, 30 young (30720K), 7 survivors (7168K)
 Metaspace       used 118219K, committed 120384K, reserved 1179648K
  class space    used 16143K, committed 17216K, reserved 1048576K
GC Heap History (20 events):
Event: 10.823 GC heap before
{Heap before GC invocations=22 (full 0):
 garbage-first heap   total 147456K, used 129166K [0x0000000080000000, 0x0000000100000000)
  region size 1024K, 52 young (53248K), 3 survivors (3072K)
 Metaspace       used 88586K, committed 90432K, reserved 1179648K
  class space    used 11920K, committed 12864K, reserved 1048576K
}
Event: 10.828 GC heap after
{Heap after GC invocations=23 (full 0):
 garbage-first heap   total 147456K, used 82219K [0x0000000080000000, 0x0000000100000000)
  region size 1024K, 5 young (5120K), 5 survivors (5120K)
 Metaspace       used 88586K, committed 90432K, reserved 1179648K
  class space    used 11920K, committed 12864K, reserved 1048576K
}
Event: 11.403 GC heap before
{Heap before GC invocations=24 (full 0):
 garbage-first heap   total 152576K, used 136491K [0x0000000080000000, 0x0000000100000000)
  region size 1024K, 55 young (56320K), 5 survivors (5120K)
 Metaspace       used 90307K, committed 92160K, reserved 1179648K
  class space    used 12176K, committed 13120K, reserved 1048576K
}
Event: 11.411 GC heap after
{Heap after GC invocations=25 (full 0):
 garbage-first heap   total 152576K, used 89906K [0x0000000080000000, 0x0000000100000000)
  region size 1024K, 7 young (7168K), 7 survivors (7168K)
 Metaspace       used 90307K, committed 92160K, reserved 1179648K
  class space    used 12176K, committed 13120K, reserved 1048576K
}
Event: 11.933 GC heap before
{Heap before GC invocations=25 (full 0):
 garbage-first heap   total 152576K, used 138034K [0x0000000080000000, 0x0000000100000000)
  region size 1024K, 53 young (54272K), 7 survivors (7168K)
 Metaspace       used 93937K, committed 95872K, reserved 1179648K
  class space    used 12671K, committed 13632K, reserved 1048576K
}
Event: 11.944 GC heap after
{Heap after GC invocations=26 (full 0):
 garbage-first heap   total 152576K, used 91901K [0x0000000080000000, 0x0000000100000000)
  region size 1024K, 3 young (3072K), 3 survivors (3072K)
 Metaspace       used 93937K, committed 95872K, reserved 1179648K
  class space    used 12671K, committed 13632K, reserved 1048576K
}
Event: 12.596 GC heap before
{Heap before GC invocations=26 (full 0):
 garbage-first heap   total 152576K, used 140029K [0x0000000080000000, 0x0000000100000000)
  region size 1024K, 50 young (51200K), 3 survivors (3072K)
 Metaspace       used 97878K, committed 99776K, reserved 1179648K
  class space    used 13376K, committed 14336K, reserved 1048576K
}
Event: 12.601 GC heap after
{Heap after GC invocations=27 (full 0):
 garbage-first heap   total 183296K, used 92882K [0x0000000080000000, 0x0000000100000000)
  region size 1024K, 4 young (4096K), 4 survivors (4096K)
 Metaspace       used 97878K, committed 99776K, reserved 1179648K
  class space    used 13376K, committed 14336K, reserved 1048576K
}
Event: 14.081 GC heap before
{Heap before GC invocations=28 (full 0):
 garbage-first heap   total 183296K, used 163538K [0x0000000080000000, 0x0000000100000000)
  region size 1024K, 73 young (74752K), 4 survivors (4096K)
 Metaspace       used 102963K, committed 104960K, reserved 1179648K
  class space    used 14168K, committed 15168K, reserved 1048576K
}
Event: 14.093 GC heap after
{Heap after GC invocations=29 (full 0):
 garbage-first heap   total 183296K, used 97222K [0x0000000080000000, 0x0000000100000000)
  region size 1024K, 8 young (8192K), 8 survivors (8192K)
 Metaspace       used 102963K, committed 104960K, reserved 1179648K
  class space    used 14168K, committed 15168K, reserved 1048576K
}
Event: 15.469 GC heap before
{Heap before GC invocations=29 (full 0):
 garbage-first heap   total 183296K, used 162758K [0x0000000080000000, 0x0000000100000000)
  region size 1024K, 73 young (74752K), 8 survivors (8192K)
 Metaspace       used 108512K, committed 110528K, reserved 1179648K
  class space    used 14921K, committed 15936K, reserved 1048576K
}
Event: 15.496 GC heap after
{Heap after GC invocations=30 (full 0):
 garbage-first heap   total 183296K, used 100763K [0x0000000080000000, 0x0000000100000000)
  region size 1024K, 9 young (9216K), 9 survivors (9216K)
 Metaspace       used 108512K, committed 110528K, reserved 1179648K
  class space    used 14921K, committed 15936K, reserved 1048576K
}
Event: 15.856 GC heap before
{Heap before GC invocations=30 (full 0):
 garbage-first heap   total 183296K, used 116123K [0x0000000080000000, 0x0000000100000000)
  region size 1024K, 26 young (26624K), 9 survivors (9216K)
 Metaspace       used 109619K, committed 111744K, reserved 1179648K
  class space    used 15004K, committed 16064K, reserved 1048576K
}
Event: 15.874 GC heap after
{Heap after GC invocations=31 (full 0):
 garbage-first heap   total 183296K, used 104760K [0x0000000080000000, 0x0000000100000000)
  region size 1024K, 9 young (9216K), 9 survivors (9216K)
 Metaspace       used 109619K, committed 111744K, reserved 1179648K
  class space    used 15004K, committed 16064K, reserved 1048576K
}
Event: 17.882 GC heap before
{Heap before GC invocations=32 (full 0):
 garbage-first heap   total 189440K, used 167224K [0x0000000080000000, 0x0000000100000000)
  region size 1024K, 66 young (67584K), 9 survivors (9216K)
 Metaspace       used 112611K, committed 114688K, reserved 1179648K
  class space    used 15340K, committed 16384K, reserved 1048576K
}
Event: 17.901 GC heap after
{Heap after GC invocations=33 (full 0):
 garbage-first heap   total 189440K, used 109947K [0x0000000080000000, 0x0000000100000000)
  region size 1024K, 9 young (9216K), 9 survivors (9216K)
 Metaspace       used 112611K, committed 114688K, reserved 1179648K
  class space    used 15340K, committed 16384K, reserved 1048576K
}
Event: 18.823 GC heap before
{Heap before GC invocations=33 (full 0):
 garbage-first heap   total 189440K, used 168315K [0x0000000080000000, 0x0000000100000000)
  region size 1024K, 67 young (68608K), 9 survivors (9216K)
 Metaspace       used 113273K, committed 115392K, reserved 1179648K
  class space    used 15456K, committed 16512K, reserved 1048576K
}
Event: 18.845 GC heap after
{Heap after GC invocations=34 (full 0):
 garbage-first heap   total 189440K, used 112993K [0x0000000080000000, 0x0000000100000000)
  region size 1024K, 6 young (6144K), 6 survivors (6144K)
 Metaspace       used 113273K, committed 115392K, reserved 1179648K
  class space    used 15456K, committed 16512K, reserved 1048576K
}
Event: 20.261 GC heap before
{Heap before GC invocations=34 (full 0):
 garbage-first heap   total 189440K, used 171361K [0x0000000080000000, 0x0000000100000000)
  region size 1024K, 64 young (65536K), 6 survivors (6144K)
 Metaspace       used 115650K, committed 117760K, reserved 1179648K
  class space    used 15754K, committed 16832K, reserved 1048576K
}
Event: 20.276 GC heap after
{Heap after GC invocations=35 (full 0):
 garbage-first heap   total 189440K, used 116870K [0x0000000080000000, 0x0000000100000000)
  region size 1024K, 7 young (7168K), 7 survivors (7168K)
 Metaspace       used 115650K, committed 117760K, reserved 1179648K
  class space    used 15754K, committed 16832K, reserved 1048576K
}

