# JRE version: OpenJDK Runtime Environment (21.0.3) (build 21.0.3+-12282718-b509.11)
# Java VM: OpenJDK 64-Bit Server VM (21.0.3+-12282718-b509.11, mixed mode, tiered, compressed oops, compressed class ptrs, g1 gc, windows-amd64)
GC Precious Log:
 CardTable entry size: 512
 Card Set container configuration: InlinePtr #cards 5 size 8 Array Of Cards #cards 12 size 40 Howl #buckets 4 coarsen threshold 1843 Howl Bitmap #cards 512 size 80 coarsen threshold 460 Card regions per heap region 1 cards per card region 2048
 CPUs: 8 total, 8 available
 Memory: 8035M
 Large Page Support: Disabled
 NUMA Support: Disabled
 Compressed Oops: Enabled (32-bit)
 Heap Region Size: 1M
 Heap Min Capacity: 8M
 Heap Initial Capacity: 126M
 Heap Max Capacity: 2010M
 Pre-touch: Disabled
 Parallel Workers: 8
 Concurrent Workers: 2
 Concurrent Refinement Workers: 8
 Periodic GC: Disabled
Heap:
 garbage-first heap   total 62464K, used 31450K [0x0000000082600000, 0x0000000100000000)
  region size 1024K, 12 young (12288K), 4 survivors (4096K)
 Metaspace       used 43727K, committed 44032K, reserved 1114112K
  class space    used 5114K, committed 5248K, reserved 1048576K
GC Heap History (16 events):
Event: 1.218 GC heap before
{Heap before GC invocations=0 (full 0):
 garbage-first heap   total 129024K, used 26624K [0x0000000082600000, 0x0000000100000000)
  region size 1024K, 23 young (23552K), 0 survivors (0K)
 Metaspace       used 14713K, committed 14912K, reserved 1114112K
  class space    used 1440K, committed 1536K, reserved 1048576K
}
Event: 1.226 GC heap after
{Heap after GC invocations=1 (full 0):
 garbage-first heap   total 129024K, used 6058K [0x0000000082600000, 0x0000000100000000)
  region size 1024K, 3 young (3072K), 3 survivors (3072K)
 Metaspace       used 14713K, committed 14912K, reserved 1114112K
  class space    used 1440K, committed 1536K, reserved 1048576K
}
Event: 1.707 GC heap before
{Heap before GC invocations=1 (full 0):
 garbage-first heap   total 129024K, used 25514K [0x0000000082600000, 0x0000000100000000)
  region size 1024K, 23 young (23552K), 3 survivors (3072K)
 Metaspace       used 21251K, committed 21504K, reserved 1114112K
  class space    used 2202K, committed 2368K, reserved 1048576K
}
Event: 1.715 GC heap after
{Heap after GC invocations=2 (full 0):
 garbage-first heap   total 129024K, used 6950K [0x0000000082600000, 0x0000000100000000)
  region size 1024K, 1 young (1024K), 1 survivors (1024K)
 Metaspace       used 21251K, committed 21504K, reserved 1114112K
  class space    used 2202K, committed 2368K, reserved 1048576K
}
Event: 2.003 GC heap before
{Heap before GC invocations=3 (full 0):
 garbage-first heap   total 27648K, used 27430K [0x0000000082600000, 0x0000000100000000)
  region size 1024K, 21 young (21504K), 1 survivors (1024K)
 Metaspace       used 22128K, committed 22336K, reserved 1114112K
  class space    used 2336K, committed 2432K, reserved 1048576K
}
Event: 2.030 GC heap after
{Heap after GC invocations=4 (full 0):
 garbage-first heap   total 38912K, used 16581K [0x0000000082600000, 0x0000000100000000)
  region size 1024K, 8 young (8192K), 8 survivors (8192K)
 Metaspace       used 22128K, committed 22336K, reserved 1114112K
  class space    used 2336K, committed 2432K, reserved 1048576K
}
Event: 2.256 GC heap before
{Heap before GC invocations=4 (full 0):
 garbage-first heap   total 38912K, used 26821K [0x0000000082600000, 0x0000000100000000)
  region size 1024K, 18 young (18432K), 8 survivors (8192K)
 Metaspace       used 24458K, committed 24640K, reserved 1114112K
  class space    used 2625K, committed 2688K, reserved 1048576K
}
Event: 2.275 GC heap after
{Heap after GC invocations=5 (full 0):
 garbage-first heap   total 38912K, used 18432K [0x0000000082600000, 0x0000000100000000)
  region size 1024K, 2 young (2048K), 2 survivors (2048K)
 Metaspace       used 24458K, committed 24640K, reserved 1114112K
  class space    used 2625K, committed 2688K, reserved 1048576K
}
Event: 2.455 GC heap before
{Heap before GC invocations=5 (full 0):
 garbage-first heap   total 38912K, used 28672K [0x0000000082600000, 0x0000000100000000)
  region size 1024K, 13 young (13312K), 2 survivors (2048K)
 Metaspace       used 26011K, committed 26304K, reserved 1114112K
  class space    used 2776K, committed 2880K, reserved 1048576K
}
Event: 2.463 GC heap after
{Heap after GC invocations=6 (full 0):
 garbage-first heap   total 38912K, used 19968K [0x0000000082600000, 0x0000000100000000)
  region size 1024K, 2 young (2048K), 2 survivors (2048K)
 Metaspace       used 26011K, committed 26304K, reserved 1114112K
  class space    used 2776K, committed 2880K, reserved 1048576K
}
Event: 2.828 GC heap before
{Heap before GC invocations=6 (full 0):
 garbage-first heap   total 38912K, used 30208K [0x0000000082600000, 0x0000000100000000)
  region size 1024K, 12 young (12288K), 2 survivors (2048K)
 Metaspace       used 29713K, committed 30016K, reserved 1114112K
  class space    used 3687K, committed 3840K, reserved 1048576K
}
Event: 2.835 GC heap after
{Heap after GC invocations=7 (full 0):
 garbage-first heap   total 62464K, used 21166K [0x0000000082600000, 0x0000000100000000)
  region size 1024K, 2 young (2048K), 2 survivors (2048K)
 Metaspace       used 29713K, committed 30016K, reserved 1114112K
  class space    used 3687K, committed 3840K, reserved 1048576K
}
Event: 3.523 GC heap before
{Heap before GC invocations=8 (full 0):
 garbage-first heap   total 62464K, used 45742K [0x0000000082600000, 0x0000000100000000)
  region size 1024K, 27 young (27648K), 2 survivors (2048K)
 Metaspace       used 35564K, committed 35840K, reserved 1114112K
  class space    used 4313K, committed 4416K, reserved 1048576K
}
Event: 3.530 GC heap after
{Heap after GC invocations=9 (full 0):
 garbage-first heap   total 62464K, used 22663K [0x0000000082600000, 0x0000000100000000)
  region size 1024K, 3 young (3072K), 3 survivors (3072K)
 Metaspace       used 35564K, committed 35840K, reserved 1114112K
  class space    used 4313K, committed 4416K, reserved 1048576K
}
Event: 4.417 GC heap before
{Heap before GC invocations=9 (full 0):
 garbage-first heap   total 62464K, used 49287K [0x0000000082600000, 0x0000000100000000)
  region size 1024K, 30 young (30720K), 3 survivors (3072K)
 Metaspace       used 42190K, committed 42432K, reserved 1114112K
  class space    used 4973K, committed 5120K, reserved 1048576K
}
Event: 4.428 GC heap after
{Heap after GC invocations=10 (full 0):
 garbage-first heap   total 62464K, used 24282K [0x0000000082600000, 0x0000000100000000)
  region size 1024K, 4 young (4096K), 4 survivors (4096K)
 Metaspace       used 42190K, committed 42432K, reserved 1114112K
  class space    used 4973K, committed 5120K, reserved 1048576K
}

