# JRE version: OpenJDK Runtime Environment (21.0.3) (build 21.0.3+-12282718-b509.11)
# Java VM: OpenJDK 64-Bit Server VM (21.0.3+-12282718-b509.11, mixed mode, tiered, compressed oops, compressed class ptrs, g1 gc, windows-amd64)
GC Precious Log:
 CardTable entry size: 512
 Card Set container configuration: InlinePtr #cards 5 size 8 Array Of Cards #cards 12 size 40 Howl #buckets 4 coarsen threshold 1843 Howl Bitmap #cards 512 size 80 coarsen threshold 460 Card regions per heap region 1 cards per card region 2048
 CPUs: 8 total, 8 available
 Memory: 8035M
 Large Page Support: Disabled
 NUMA Support: Disabled
 Compressed Oops: Enabled (32-bit)
 Heap Region Size: 1M
 Heap Min Capacity: 8M
 Heap Initial Capacity: 126M
 Heap Max Capacity: 2010M
 Pre-touch: Disabled
 Parallel Workers: 8
 Concurrent Workers: 2
 Concurrent Refinement Workers: 8
 Periodic GC: Disabled
Heap:
 garbage-first heap   total 89088K, used 68055K [0x0000000082600000, 0x0000000100000000)
  region size 1024K, 13 young (13312K), 4 survivors (4096K)
 Metaspace       used 48380K, committed 48704K, reserved 1114112K
  class space    used 5580K, committed 5696K, reserved 1048576K
GC Heap History (20 events):
Event: 1.566 GC heap before
{Heap before GC invocations=6 (full 0):
 garbage-first heap   total 41984K, used 32727K [0x0000000082600000, 0x0000000100000000)
  region size 1024K, 14 young (14336K), 1 survivors (1024K)
 Metaspace       used 31422K, committed 31680K, reserved 1114112K
  class space    used 3862K, committed 3968K, reserved 1048576K
}
Event: 1.572 GC heap after
{Heap after GC invocations=7 (full 0):
 garbage-first heap   total 41984K, used 22099K [0x0000000082600000, 0x0000000100000000)
  region size 1024K, 2 young (2048K), 2 survivors (2048K)
 Metaspace       used 31422K, committed 31680K, reserved 1114112K
  class space    used 3862K, committed 3968K, reserved 1048576K
}
Event: 1.694 GC heap before
{Heap before GC invocations=8 (full 0):
 garbage-first heap   total 41984K, used 33363K [0x0000000082600000, 0x0000000100000000)
  region size 1024K, 14 young (14336K), 2 survivors (2048K)
 Metaspace       used 33953K, committed 34240K, reserved 1114112K
  class space    used 4136K, committed 4288K, reserved 1048576K
}
Event: 1.697 GC heap after
{Heap after GC invocations=9 (full 0):
 garbage-first heap   total 41984K, used 22696K [0x0000000082600000, 0x0000000100000000)
  region size 1024K, 1 young (1024K), 1 survivors (1024K)
 Metaspace       used 33953K, committed 34240K, reserved 1114112K
  class space    used 4136K, committed 4288K, reserved 1048576K
}
Event: 1.861 GC heap before
{Heap before GC invocations=9 (full 0):
 garbage-first heap   total 41984K, used 33960K [0x0000000082600000, 0x0000000100000000)
  region size 1024K, 13 young (13312K), 1 survivors (1024K)
 Metaspace       used 37680K, committed 37952K, reserved 1114112K
  class space    used 4507K, committed 4608K, reserved 1048576K
}
Event: 1.865 GC heap after
{Heap after GC invocations=10 (full 0):
 garbage-first heap   total 65536K, used 22764K [0x0000000082600000, 0x0000000100000000)
  region size 1024K, 1 young (1024K), 1 survivors (1024K)
 Metaspace       used 37680K, committed 37952K, reserved 1114112K
  class space    used 4507K, committed 4608K, reserved 1048576K
}
Event: 2.332 GC heap before
{Heap before GC invocations=10 (full 0):
 garbage-first heap   total 65536K, used 51436K [0x0000000082600000, 0x0000000100000000)
  region size 1024K, 30 young (30720K), 1 survivors (1024K)
 Metaspace       used 43939K, committed 44160K, reserved 1114112K
  class space    used 5154K, committed 5248K, reserved 1048576K
}
Event: 2.338 GC heap after
{Heap after GC invocations=11 (full 0):
 garbage-first heap   total 65536K, used 25584K [0x0000000082600000, 0x0000000100000000)
  region size 1024K, 4 young (4096K), 4 survivors (4096K)
 Metaspace       used 43939K, committed 44160K, reserved 1114112K
  class space    used 5154K, committed 5248K, reserved 1048576K
}
Event: 2.698 GC heap before
{Heap before GC invocations=11 (full 0):
 garbage-first heap   total 65536K, used 52208K [0x0000000082600000, 0x0000000100000000)
  region size 1024K, 30 young (30720K), 4 survivors (4096K)
 Metaspace       used 45925K, committed 46208K, reserved 1114112K
  class space    used 5323K, committed 5440K, reserved 1048576K
}
Event: 2.711 GC heap after
{Heap after GC invocations=12 (full 0):
 garbage-first heap   total 65536K, used 32337K [0x0000000082600000, 0x0000000100000000)
  region size 1024K, 4 young (4096K), 4 survivors (4096K)
 Metaspace       used 45925K, committed 46208K, reserved 1114112K
  class space    used 5323K, committed 5440K, reserved 1048576K
}
Event: 2.899 GC heap before
{Heap before GC invocations=12 (full 0):
 garbage-first heap   total 65536K, used 53841K [0x0000000082600000, 0x0000000100000000)
  region size 1024K, 25 young (25600K), 4 survivors (4096K)
 Metaspace       used 48154K, committed 48384K, reserved 1114112K
  class space    used 5567K, committed 5696K, reserved 1048576K
}
Event: 2.909 GC heap after
{Heap after GC invocations=13 (full 0):
 garbage-first heap   total 65536K, used 36467K [0x0000000082600000, 0x0000000100000000)
  region size 1024K, 4 young (4096K), 4 survivors (4096K)
 Metaspace       used 48154K, committed 48384K, reserved 1114112K
  class space    used 5567K, committed 5696K, reserved 1048576K
}
Event: 2.963 GC heap before
{Heap before GC invocations=13 (full 0):
 garbage-first heap   total 65536K, used 55923K [0x0000000082600000, 0x0000000100000000)
  region size 1024K, 23 young (23552K), 4 survivors (4096K)
 Metaspace       used 48246K, committed 48576K, reserved 1114112K
  class space    used 5567K, committed 5696K, reserved 1048576K
}
Event: 2.969 GC heap after
{Heap after GC invocations=14 (full 0):
 garbage-first heap   total 83968K, used 40830K [0x0000000082600000, 0x0000000100000000)
  region size 1024K, 3 young (3072K), 3 survivors (3072K)
 Metaspace       used 48246K, committed 48576K, reserved 1114112K
  class space    used 5567K, committed 5696K, reserved 1048576K
}
Event: 3.053 GC heap before
{Heap before GC invocations=15 (full 0):
 garbage-first heap   total 89088K, used 68478K [0x0000000082600000, 0x0000000100000000)
  region size 1024K, 30 young (30720K), 3 survivors (3072K)
 Metaspace       used 48247K, committed 48576K, reserved 1114112K
  class space    used 5567K, committed 5696K, reserved 1048576K
}
Event: 3.059 GC heap after
{Heap after GC invocations=16 (full 0):
 garbage-first heap   total 89088K, used 48049K [0x0000000082600000, 0x0000000100000000)
  region size 1024K, 4 young (4096K), 4 survivors (4096K)
 Metaspace       used 48247K, committed 48576K, reserved 1114112K
  class space    used 5567K, committed 5696K, reserved 1048576K
}
Event: 3.107 GC heap before
{Heap before GC invocations=16 (full 0):
 garbage-first heap   total 89088K, used 73649K [0x0000000082600000, 0x0000000100000000)
  region size 1024K, 29 young (29696K), 4 survivors (4096K)
 Metaspace       used 48248K, committed 48576K, reserved 1114112K
  class space    used 5568K, committed 5696K, reserved 1048576K
}
Event: 3.113 GC heap after
{Heap after GC invocations=17 (full 0):
 garbage-first heap   total 89088K, used 54231K [0x0000000082600000, 0x0000000100000000)
  region size 1024K, 4 young (4096K), 4 survivors (4096K)
 Metaspace       used 48248K, committed 48576K, reserved 1114112K
  class space    used 5568K, committed 5696K, reserved 1048576K
}
Event: 3.161 GC heap before
{Heap before GC invocations=17 (full 0):
 garbage-first heap   total 89088K, used 74711K [0x0000000082600000, 0x0000000100000000)
  region size 1024K, 25 young (25600K), 4 survivors (4096K)
 Metaspace       used 48248K, committed 48576K, reserved 1114112K
  class space    used 5568K, committed 5696K, reserved 1048576K
}
Event: 3.166 GC heap after
{Heap after GC invocations=18 (full 0):
 garbage-first heap   total 89088K, used 59863K [0x0000000082600000, 0x0000000100000000)
  region size 1024K, 4 young (4096K), 4 survivors (4096K)
 Metaspace       used 48248K, committed 48576K, reserved 1114112K
  class space    used 5568K, committed 5696K, reserved 1048576K
}

