# JRE version: OpenJDK Runtime Environment (21.0.3) (build 21.0.3+-12282718-b509.11)
# Java VM: OpenJDK 64-Bit Server VM (21.0.3+-12282718-b509.11, mixed mode, tiered, compressed oops, compressed class ptrs, g1 gc, windows-amd64)
GC Precious Log:
 CardTable entry size: 512
 Card Set container configuration: InlinePtr #cards 5 size 8 Array Of Cards #cards 12 size 40 Howl #buckets 4 coarsen threshold 1843 Howl Bitmap #cards 512 size 80 coarsen threshold 460 Card regions per heap region 1 cards per card region 2048
 CPUs: 8 total, 8 available
 Memory: 8035M
 Large Page Support: Disabled
 NUMA Support: Disabled
 Compressed Oops: Enabled (32-bit)
 Heap Region Size: 1M
 Heap Min Capacity: 8M
 Heap Initial Capacity: 126M
 Heap Max Capacity: 2G
 Pre-touch: Disabled
 Parallel Workers: 8
 Concurrent Workers: 2
 Concurrent Refinement Workers: 8
 Periodic GC: Disabled
Heap:
 garbage-first heap   total 193536K, used 131072K [0x0000000080000000, 0x0000000100000000)
  region size 1024K, 23 young (23552K), 5 survivors (5120K)
 Metaspace       used 117524K, committed 119680K, reserved 1179648K
  class space    used 16016K, committed 17088K, reserved 1048576K
GC Heap History (20 events):
Event: 13.743 GC heap before
{Heap before GC invocations=25 (full 0):
 garbage-first heap   total 147456K, used 121487K [0x0000000080000000, 0x0000000100000000)
  region size 1024K, 47 young (48128K), 5 survivors (5120K)
 Metaspace       used 88625K, committed 90432K, reserved 1179648K
  class space    used 11945K, committed 12864K, reserved 1048576K
}
Event: 13.749 GC heap after
{Heap after GC invocations=26 (full 0):
 garbage-first heap   total 147456K, used 81350K [0x0000000080000000, 0x0000000100000000)
  region size 1024K, 4 young (4096K), 4 survivors (4096K)
 Metaspace       used 88625K, committed 90432K, reserved 1179648K
  class space    used 11945K, committed 12864K, reserved 1048576K
}
Event: 14.293 GC heap before
{Heap before GC invocations=27 (full 0):
 garbage-first heap   total 148480K, used 129478K [0x0000000080000000, 0x0000000100000000)
  region size 1024K, 48 young (49152K), 4 survivors (4096K)
 Metaspace       used 89842K, committed 91712K, reserved 1179648K
  class space    used 12129K, committed 13056K, reserved 1048576K
}
Event: 14.300 GC heap after
{Heap after GC invocations=28 (full 0):
 garbage-first heap   total 148480K, used 88790K [0x0000000080000000, 0x0000000100000000)
  region size 1024K, 6 young (6144K), 6 survivors (6144K)
 Metaspace       used 89842K, committed 91712K, reserved 1179648K
  class space    used 12129K, committed 13056K, reserved 1048576K
}
Event: 14.936 GC heap before
{Heap before GC invocations=28 (full 0):
 garbage-first heap   total 148480K, used 130774K [0x0000000080000000, 0x0000000100000000)
  region size 1024K, 47 young (48128K), 6 survivors (6144K)
 Metaspace       used 93239K, committed 95168K, reserved 1179648K
  class space    used 12578K, committed 13568K, reserved 1048576K
}
Event: 14.944 GC heap after
{Heap after GC invocations=29 (full 0):
 garbage-first heap   total 148480K, used 91489K [0x0000000080000000, 0x0000000100000000)
  region size 1024K, 3 young (3072K), 3 survivors (3072K)
 Metaspace       used 93239K, committed 95168K, reserved 1179648K
  class space    used 12578K, committed 13568K, reserved 1048576K
}
Event: 15.492 GC heap before
{Heap before GC invocations=29 (full 0):
 garbage-first heap   total 148480K, used 132449K [0x0000000080000000, 0x0000000100000000)
  region size 1024K, 43 young (44032K), 3 survivors (3072K)
 Metaspace       used 96509K, committed 98432K, reserved 1179648K
  class space    used 13172K, committed 14144K, reserved 1048576K
}
Event: 15.496 GC heap after
{Heap after GC invocations=30 (full 0):
 garbage-first heap   total 148480K, used 91223K [0x0000000080000000, 0x0000000100000000)
  region size 1024K, 3 young (3072K), 3 survivors (3072K)
 Metaspace       used 96509K, committed 98432K, reserved 1179648K
  class space    used 13172K, committed 14144K, reserved 1048576K
}
Event: 16.061 GC heap before
{Heap before GC invocations=31 (full 0):
 garbage-first heap   total 160768K, used 134231K [0x0000000080000000, 0x0000000100000000)
  region size 1024K, 45 young (46080K), 3 survivors (3072K)
 Metaspace       used 99454K, committed 101440K, reserved 1179648K
  class space    used 13640K, committed 14656K, reserved 1048576K
}
Event: 16.069 GC heap after
{Heap after GC invocations=32 (full 0):
 garbage-first heap   total 160768K, used 93161K [0x0000000080000000, 0x0000000100000000)
  region size 1024K, 5 young (5120K), 5 survivors (5120K)
 Metaspace       used 99454K, committed 101440K, reserved 1179648K
  class space    used 13640K, committed 14656K, reserved 1048576K
}
Event: 16.882 GC heap before
{Heap before GC invocations=32 (full 0):
 garbage-first heap   total 160768K, used 145385K [0x0000000080000000, 0x0000000100000000)
  region size 1024K, 56 young (57344K), 5 survivors (5120K)
 Metaspace       used 103145K, committed 105280K, reserved 1179648K
  class space    used 14177K, committed 15232K, reserved 1048576K
}
Event: 16.892 GC heap after
{Heap after GC invocations=33 (full 0):
 garbage-first heap   total 193536K, used 95864K [0x0000000080000000, 0x0000000100000000)
  region size 1024K, 7 young (7168K), 7 survivors (7168K)
 Metaspace       used 103145K, committed 105280K, reserved 1179648K
  class space    used 14177K, committed 15232K, reserved 1048576K
}
Event: 18.074 GC heap before
{Heap before GC invocations=33 (full 0):
 garbage-first heap   total 193536K, used 170616K [0x0000000080000000, 0x0000000100000000)
  region size 1024K, 80 young (81920K), 7 survivors (7168K)
 Metaspace       used 109377K, committed 111424K, reserved 1179648K
  class space    used 15042K, committed 16064K, reserved 1048576K
}
Event: 18.085 GC heap after
{Heap after GC invocations=34 (full 0):
 garbage-first heap   total 193536K, used 100591K [0x0000000080000000, 0x0000000100000000)
  region size 1024K, 9 young (9216K), 9 survivors (9216K)
 Metaspace       used 109377K, committed 111424K, reserved 1179648K
  class space    used 15042K, committed 16064K, reserved 1048576K
}
Event: 18.410 GC heap before
{Heap before GC invocations=34 (full 0):
 garbage-first heap   total 193536K, used 124143K [0x0000000080000000, 0x0000000100000000)
  region size 1024K, 34 young (34816K), 9 survivors (9216K)
 Metaspace       used 110981K, committed 113088K, reserved 1179648K
  class space    used 15188K, committed 16256K, reserved 1048576K
}
Event: 18.421 GC heap after
{Heap after GC invocations=35 (full 0):
 garbage-first heap   total 193536K, used 106081K [0x0000000080000000, 0x0000000100000000)
  region size 1024K, 10 young (10240K), 10 survivors (10240K)
 Metaspace       used 110981K, committed 113088K, reserved 1179648K
  class space    used 15188K, committed 16256K, reserved 1048576K
}
Event: 19.365 GC heap before
{Heap before GC invocations=36 (full 0):
 garbage-first heap   total 193536K, used 177761K [0x0000000080000000, 0x0000000100000000)
  region size 1024K, 75 young (76800K), 10 survivors (10240K)
 Metaspace       used 113958K, committed 116096K, reserved 1179648K
  class space    used 15535K, committed 16640K, reserved 1048576K
}
Event: 19.381 GC heap after
{Heap after GC invocations=37 (full 0):
 garbage-first heap   total 193536K, used 111184K [0x0000000080000000, 0x0000000100000000)
  region size 1024K, 10 young (10240K), 10 survivors (10240K)
 Metaspace       used 113958K, committed 116096K, reserved 1179648K
  class space    used 15535K, committed 16640K, reserved 1048576K
}
Event: 20.423 GC heap before
{Heap before GC invocations=37 (full 0):
 garbage-first heap   total 193536K, used 171600K [0x0000000080000000, 0x0000000100000000)
  region size 1024K, 70 young (71680K), 10 survivors (10240K)
 Metaspace       used 116583K, committed 118784K, reserved 1179648K
  class space    used 15873K, committed 16960K, reserved 1048576K
}
Event: 20.440 GC heap after
{Heap after GC invocations=38 (full 0):
 garbage-first heap   total 193536K, used 113664K [0x0000000080000000, 0x0000000100000000)
  region size 1024K, 5 young (5120K), 5 survivors (5120K)
 Metaspace       used 116583K, committed 118784K, reserved 1179648K
  class space    used 15873K, committed 16960K, reserved 1048576K
}

