# JRE version: OpenJDK Runtime Environment (21.0.3) (build 21.0.3+-12282718-b509.11)
# Java VM: OpenJDK 64-Bit Server VM (21.0.3+-12282718-b509.11, mixed mode, tiered, compressed oops, compressed class ptrs, g1 gc, windows-amd64)
GC Precious Log:
 CardTable entry size: 512
 Card Set container configuration: InlinePtr #cards 5 size 8 Array Of Cards #cards 12 size 40 Howl #buckets 4 coarsen threshold 1843 Howl Bitmap #cards 512 size 80 coarsen threshold 460 Card regions per heap region 1 cards per card region 2048
 CPUs: 8 total, 8 available
 Memory: 8035M
 Large Page Support: Disabled
 NUMA Support: Disabled
 Compressed Oops: Enabled (32-bit)
 Heap Region Size: 1M
 Heap Min Capacity: 8M
 Heap Initial Capacity: 126M
 Heap Max Capacity: 2G
 Pre-touch: Disabled
 Parallel Workers: 8
 Concurrent Workers: 2
 Concurrent Refinement Workers: 8
 Periodic GC: Disabled
Heap:
 garbage-first heap   total 278528K, used 274916K [0x0000000080000000, 0x0000000100000000)
  region size 1024K, 52 young (53248K), 3 survivors (3072K)
 Metaspace       used 155410K, committed 156736K, reserved 1245184K
  class space    used 20832K, committed 21504K, reserved 1048576K
GC Heap History (20 events):
Event: 24.289 GC heap before
{Heap before GC invocations=43 (full 0):
 garbage-first heap   total 217088K, used 150268K [0x0000000080000000, 0x0000000100000000)
  region size 1024K, 29 young (29696K), 9 survivors (9216K)
 Metaspace       used 120970K, committed 123136K, reserved 1179648K
  class space    used 16337K, committed 17472K, reserved 1048576K
}
Event: 24.297 GC heap after
{Heap after GC invocations=44 (full 0):
 garbage-first heap   total 217088K, used 133590K [0x0000000080000000, 0x0000000100000000)
  region size 1024K, 4 young (4096K), 4 survivors (4096K)
 Metaspace       used 120970K, committed 123136K, reserved 1179648K
  class space    used 16337K, committed 17472K, reserved 1048576K
}
Event: 41.105 GC heap before
{Heap before GC invocations=45 (full 0):
 garbage-first heap   total 230400K, used 195030K [0x0000000080000000, 0x0000000100000000)
  region size 1024K, 65 young (66560K), 4 survivors (4096K)
 Metaspace       used 127722K, committed 129984K, reserved 1179648K
  class space    used 17132K, committed 18240K, reserved 1048576K
}
Event: 41.114 GC heap after
{Heap after GC invocations=46 (full 0):
 garbage-first heap   total 230400K, used 135022K [0x0000000080000000, 0x0000000100000000)
  region size 1024K, 8 young (8192K), 8 survivors (8192K)
 Metaspace       used 127722K, committed 129984K, reserved 1179648K
  class space    used 17132K, committed 18240K, reserved 1048576K
}
Event: 1232.287 GC heap before
{Heap before GC invocations=46 (full 0):
 garbage-first heap   total 230400K, used 207726K [0x0000000080000000, 0x0000000100000000)
  region size 1024K, 80 young (81920K), 8 survivors (8192K)
 Metaspace       used 133581K, committed 136000K, reserved 1179648K
  class space    used 17654K, committed 18880K, reserved 1048576K
}
Event: 1232.499 GC heap after
{Heap after GC invocations=47 (full 0):
 garbage-first heap   total 230400K, used 130902K [0x0000000080000000, 0x0000000100000000)
  region size 1024K, 5 young (5120K), 5 survivors (5120K)
 Metaspace       used 133581K, committed 136000K, reserved 1179648K
  class space    used 17654K, committed 18880K, reserved 1048576K
}
Event: 1936.817 GC heap before
{Heap before GC invocations=47 (full 0):
 garbage-first heap   total 230400K, used 210774K [0x0000000080000000, 0x0000000100000000)
  region size 1024K, 84 young (86016K), 5 survivors (5120K)
 Metaspace       used 134183K, committed 136576K, reserved 1179648K
  class space    used 17670K, committed 18880K, reserved 1048576K
}
Event: 1936.873 GC heap after
{Heap after GC invocations=48 (full 0):
 garbage-first heap   total 230400K, used 137684K [0x0000000080000000, 0x0000000100000000)
  region size 1024K, 11 young (11264K), 11 survivors (11264K)
 Metaspace       used 134183K, committed 136576K, reserved 1179648K
  class space    used 17670K, committed 18880K, reserved 1048576K
}
Event: 1939.679 GC heap before
{Heap before GC invocations=49 (full 0):
 garbage-first heap   total 237568K, used 201172K [0x0000000080000000, 0x0000000100000000)
  region size 1024K, 77 young (78848K), 11 survivors (11264K)
 Metaspace       used 132871K, committed 136896K, reserved 1179648K
  class space    used 17217K, committed 18880K, reserved 1048576K
}
Event: 1939.744 GC heap after
{Heap after GC invocations=50 (full 0):
 garbage-first heap   total 237568K, used 143382K [0x0000000080000000, 0x0000000100000000)
  region size 1024K, 9 young (9216K), 9 survivors (9216K)
 Metaspace       used 132871K, committed 136896K, reserved 1179648K
  class space    used 17217K, committed 18880K, reserved 1048576K
}
Event: 1941.739 GC heap before
{Heap before GC invocations=50 (full 0):
 garbage-first heap   total 237568K, used 213014K [0x0000000080000000, 0x0000000100000000)
  region size 1024K, 78 young (79872K), 9 survivors (9216K)
 Metaspace       used 133021K, committed 136896K, reserved 1179648K
  class space    used 17226K, committed 18880K, reserved 1048576K
}
Event: 1941.764 GC heap after
{Heap after GC invocations=51 (full 0):
 garbage-first heap   total 237568K, used 140693K [0x0000000080000000, 0x0000000100000000)
  region size 1024K, 6 young (6144K), 6 survivors (6144K)
 Metaspace       used 133021K, committed 136896K, reserved 1179648K
  class space    used 17226K, committed 18880K, reserved 1048576K
}
Event: 1950.305 GC heap before
{Heap before GC invocations=51 (full 0):
 garbage-first heap   total 237568K, used 216469K [0x0000000080000000, 0x0000000100000000)
  region size 1024K, 81 young (82944K), 6 survivors (6144K)
 Metaspace       used 139439K, committed 140864K, reserved 1179648K
  class space    used 18268K, committed 19072K, reserved 1048576K
}
Event: 1950.336 GC heap after
{Heap after GC invocations=52 (full 0):
 garbage-first heap   total 237568K, used 140839K [0x0000000080000000, 0x0000000100000000)
  region size 1024K, 9 young (9216K), 9 survivors (9216K)
 Metaspace       used 139439K, committed 140864K, reserved 1179648K
  class space    used 18268K, committed 19072K, reserved 1048576K
}
Event: 1951.297 GC heap before
{Heap before GC invocations=52 (full 0):
 garbage-first heap   total 237568K, used 213543K [0x0000000080000000, 0x0000000100000000)
  region size 1024K, 81 young (82944K), 9 survivors (9216K)
 Metaspace       used 148164K, committed 149440K, reserved 1179648K
  class space    used 19769K, committed 20416K, reserved 1048576K
}
Event: 1951.324 GC heap after
{Heap after GC invocations=53 (full 0):
 garbage-first heap   total 237568K, used 143968K [0x0000000080000000, 0x0000000100000000)
  region size 1024K, 9 young (9216K), 9 survivors (9216K)
 Metaspace       used 148164K, committed 149440K, reserved 1179648K
  class space    used 19769K, committed 20416K, reserved 1048576K
}
Event: 1951.919 GC heap before
{Heap before GC invocations=53 (full 0):
 garbage-first heap   total 237568K, used 213600K [0x0000000080000000, 0x0000000100000000)
  region size 1024K, 78 young (79872K), 9 survivors (9216K)
 Metaspace       used 151076K, committed 152384K, reserved 1245184K
  class space    used 20210K, committed 20864K, reserved 1048576K
}
Event: 1951.937 GC heap after
{Heap after GC invocations=54 (full 0):
 garbage-first heap   total 237568K, used 145542K [0x0000000080000000, 0x0000000100000000)
  region size 1024K, 7 young (7168K), 7 survivors (7168K)
 Metaspace       used 151076K, committed 152384K, reserved 1245184K
  class space    used 20210K, committed 20864K, reserved 1048576K
}
Event: 1952.835 GC heap before
{Heap before GC invocations=55 (full 0):
 garbage-first heap   total 276480K, used 215174K [0x0000000080000000, 0x0000000100000000)
  region size 1024K, 75 young (76800K), 7 survivors (7168K)
 Metaspace       used 151966K, committed 153216K, reserved 1245184K
  class space    used 20343K, committed 20992K, reserved 1048576K
}
Event: 1952.847 GC heap after
{Heap after GC invocations=56 (full 0):
 garbage-first heap   total 276480K, used 144907K [0x0000000080000000, 0x0000000100000000)
  region size 1024K, 3 young (3072K), 3 survivors (3072K)
 Metaspace       used 151966K, committed 153216K, reserved 1245184K
  class space    used 20343K, committed 20992K, reserved 1048576K
}

