# JRE version: OpenJDK Runtime Environment (21.0.3) (build 21.0.3+-12282718-b509.11)
# Java VM: OpenJDK 64-Bit Server VM (21.0.3+-12282718-b509.11, mixed mode, tiered, compressed oops, compressed class ptrs, g1 gc, windows-amd64)
GC Precious Log:
 CardTable entry size: 512
 Card Set container configuration: InlinePtr #cards 5 size 8 Array Of Cards #cards 12 size 40 Howl #buckets 4 coarsen threshold 1843 Howl Bitmap #cards 512 size 80 coarsen threshold 460 Card regions per heap region 1 cards per card region 2048
 CPUs: 8 total, 8 available
 Memory: 8035M
 Large Page Support: Disabled
 NUMA Support: Disabled
 Compressed Oops: Enabled (32-bit)
 Heap Region Size: 1M
 Heap Min Capacity: 8M
 Heap Initial Capacity: 126M
 Heap Max Capacity: 2G
 Pre-touch: Disabled
 Parallel Workers: 8
 Concurrent Workers: 2
 Concurrent Refinement Workers: 8
 Periodic GC: Disabled
Heap:
 garbage-first heap   total 181248K, used 112629K [0x0000000080000000, 0x0000000100000000)
  region size 1024K, 24 young (24576K), 4 survivors (4096K)
 Metaspace       used 99956K, committed 102016K, reserved 1179648K
  class space    used 13682K, committed 14720K, reserved 1048576K
GC Heap History (20 events):
Event: 13.950 GC heap before
{Heap before GC invocations=21 (full 0):
 garbage-first heap   total 118784K, used 76688K [0x0000000080000000, 0x0000000100000000)
  region size 1024K, 18 young (18432K), 7 survivors (7168K)
 Metaspace       used 67957K, committed 69568K, reserved 1114112K
  class space    used 9322K, committed 10112K, reserved 1048576K
}
Event: 13.956 GC heap after
{Heap after GC invocations=22 (full 0):
 garbage-first heap   total 118784K, used 68837K [0x0000000080000000, 0x0000000100000000)
  region size 1024K, 2 young (2048K), 2 survivors (2048K)
 Metaspace       used 67957K, committed 69568K, reserved 1114112K
  class space    used 9322K, committed 10112K, reserved 1048576K
}
Event: 15.137 GC heap before
{Heap before GC invocations=23 (full 0):
 garbage-first heap   total 121856K, used 103653K [0x0000000080000000, 0x0000000100000000)
  region size 1024K, 36 young (36864K), 2 survivors (2048K)
 Metaspace       used 71232K, committed 72896K, reserved 1114112K
  class space    used 9698K, committed 10496K, reserved 1048576K
}
Event: 15.141 GC heap after
{Heap after GC invocations=24 (full 0):
 garbage-first heap   total 121856K, used 70866K [0x0000000080000000, 0x0000000100000000)
  region size 1024K, 3 young (3072K), 3 survivors (3072K)
 Metaspace       used 71232K, committed 72896K, reserved 1114112K
  class space    used 9698K, committed 10496K, reserved 1048576K
}
Event: 16.244 GC heap before
{Heap before GC invocations=24 (full 0):
 garbage-first heap   total 121856K, used 107730K [0x0000000080000000, 0x0000000100000000)
  region size 1024K, 40 young (40960K), 3 survivors (3072K)
 Metaspace       used 75530K, committed 77184K, reserved 1179648K
  class space    used 10167K, committed 11008K, reserved 1048576K
}
Event: 16.251 GC heap after
{Heap after GC invocations=25 (full 0):
 garbage-first heap   total 121856K, used 71178K [0x0000000080000000, 0x0000000100000000)
  region size 1024K, 3 young (3072K), 3 survivors (3072K)
 Metaspace       used 75530K, committed 77184K, reserved 1179648K
  class space    used 10167K, committed 11008K, reserved 1048576K
}
Event: 18.593 GC heap before
{Heap before GC invocations=25 (full 0):
 garbage-first heap   total 121856K, used 93706K [0x0000000080000000, 0x0000000100000000)
  region size 1024K, 26 young (26624K), 3 survivors (3072K)
 Metaspace       used 78622K, committed 80384K, reserved 1179648K
  class space    used 10613K, committed 11456K, reserved 1048576K
}
Event: 18.606 GC heap after
{Heap after GC invocations=26 (full 0):
 garbage-first heap   total 121856K, used 73522K [0x0000000080000000, 0x0000000100000000)
  region size 1024K, 6 young (6144K), 6 survivors (6144K)
 Metaspace       used 78622K, committed 80384K, reserved 1179648K
  class space    used 10613K, committed 11456K, reserved 1048576K
}
Event: 19.782 GC heap before
{Heap before GC invocations=27 (full 0):
 garbage-first heap   total 150528K, used 111410K [0x0000000080000000, 0x0000000100000000)
  region size 1024K, 38 young (38912K), 6 survivors (6144K)
 Metaspace       used 80227K, committed 82048K, reserved 1179648K
  class space    used 10847K, committed 11712K, reserved 1048576K
}
Event: 19.801 GC heap after
{Heap after GC invocations=28 (full 0):
 garbage-first heap   total 150528K, used 77517K [0x0000000080000000, 0x0000000100000000)
  region size 1024K, 5 young (5120K), 5 survivors (5120K)
 Metaspace       used 80227K, committed 82048K, reserved 1179648K
  class space    used 10847K, committed 11712K, reserved 1048576K
}
Event: 21.775 GC heap before
{Heap before GC invocations=28 (full 0):
 garbage-first heap   total 150528K, used 127693K [0x0000000080000000, 0x0000000100000000)
  region size 1024K, 54 young (55296K), 5 survivors (5120K)
 Metaspace       used 85237K, committed 87040K, reserved 1179648K
  class space    used 11490K, committed 12416K, reserved 1048576K
}
Event: 21.804 GC heap after
{Heap after GC invocations=29 (full 0):
 garbage-first heap   total 150528K, used 79623K [0x0000000080000000, 0x0000000100000000)
  region size 1024K, 7 young (7168K), 7 survivors (7168K)
 Metaspace       used 85237K, committed 87040K, reserved 1179648K
  class space    used 11490K, committed 12416K, reserved 1048576K
}
Event: 23.769 GC heap before
{Heap before GC invocations=29 (full 0):
 garbage-first heap   total 150528K, used 122631K [0x0000000080000000, 0x0000000100000000)
  region size 1024K, 50 young (51200K), 7 survivors (7168K)
 Metaspace       used 88641K, committed 90496K, reserved 1179648K
  class space    used 11941K, committed 12864K, reserved 1048576K
}
Event: 23.784 GC heap after
{Heap after GC invocations=30 (full 0):
 garbage-first heap   total 181248K, used 81420K [0x0000000080000000, 0x0000000100000000)
  region size 1024K, 5 young (5120K), 5 survivors (5120K)
 Metaspace       used 88641K, committed 90496K, reserved 1179648K
  class space    used 11941K, committed 12864K, reserved 1048576K
}
Event: 27.029 GC heap before
{Heap before GC invocations=30 (full 0):
 garbage-first heap   total 181248K, used 155148K [0x0000000080000000, 0x0000000100000000)
  region size 1024K, 74 young (75776K), 5 survivors (5120K)
 Metaspace       used 92062K, committed 93952K, reserved 1179648K
  class space    used 12398K, committed 13312K, reserved 1048576K
}
Event: 27.041 GC heap after
{Heap after GC invocations=31 (full 0):
 garbage-first heap   total 181248K, used 89976K [0x0000000080000000, 0x0000000100000000)
  region size 1024K, 10 young (10240K), 10 survivors (10240K)
 Metaspace       used 92062K, committed 93952K, reserved 1179648K
  class space    used 12398K, committed 13312K, reserved 1048576K
}
Event: 27.656 GC heap before
{Heap before GC invocations=31 (full 0):
 garbage-first heap   total 181248K, used 106360K [0x0000000080000000, 0x0000000100000000)
  region size 1024K, 27 young (27648K), 10 survivors (10240K)
 Metaspace       used 93307K, committed 95296K, reserved 1179648K
  class space    used 12583K, committed 13568K, reserved 1048576K
}
Event: 27.667 GC heap after
{Heap after GC invocations=32 (full 0):
 garbage-first heap   total 181248K, used 91905K [0x0000000080000000, 0x0000000100000000)
  region size 1024K, 2 young (2048K), 2 survivors (2048K)
 Metaspace       used 93307K, committed 95296K, reserved 1179648K
  class space    used 12583K, committed 13568K, reserved 1048576K
}
Event: 30.469 GC heap before
{Heap before GC invocations=33 (full 0):
 garbage-first heap   total 181248K, used 161537K [0x0000000080000000, 0x0000000100000000)
  region size 1024K, 69 young (70656K), 2 survivors (2048K)
 Metaspace       used 98701K, committed 100736K, reserved 1179648K
  class space    used 13498K, committed 14528K, reserved 1048576K
}
Event: 30.476 GC heap after
{Heap after GC invocations=34 (full 0):
 garbage-first heap   total 181248K, used 93173K [0x0000000080000000, 0x0000000100000000)
  region size 1024K, 4 young (4096K), 4 survivors (4096K)
 Metaspace       used 98701K, committed 100736K, reserved 1179648K
  class space    used 13498K, committed 14528K, reserved 1048576K
}

