# JRE version: OpenJDK Runtime Environment (21.0.3) (build 21.0.3+-12282718-b509.11)
# Java VM: OpenJDK 64-Bit Server VM (21.0.3+-12282718-b509.11, mixed mode, tiered, compressed oops, compressed class ptrs, g1 gc, windows-amd64)
GC Precious Log:
 CardTable entry size: 512
 Card Set container configuration: InlinePtr #cards 5 size 8 Array Of Cards #cards 12 size 40 Howl #buckets 4 coarsen threshold 1843 Howl Bitmap #cards 512 size 80 coarsen threshold 460 Card regions per heap region 1 cards per card region 2048
 CPUs: 8 total, 8 available
 Memory: 8035M
 Large Page Support: Disabled
 NUMA Support: Disabled
 Compressed Oops: Enabled (32-bit)
 Heap Region Size: 1M
 Heap Min Capacity: 8M
 Heap Initial Capacity: 126M
 Heap Max Capacity: 2G
 Pre-touch: Disabled
 Parallel Workers: 8
 Concurrent Workers: 2
 Concurrent Refinement Workers: 8
 Periodic GC: Disabled
Heap:
 garbage-first heap   total 208896K, used 150594K [0x0000000080000000, 0x0000000100000000)
  region size 1024K, 41 young (41984K), 7 survivors (7168K)
 Metaspace       used 120816K, committed 123072K, reserved 1179648K
  class space    used 16464K, committed 17600K, reserved 1048576K
GC Heap History (20 events):
Event: 12.726 GC heap before
{Heap before GC invocations=26 (full 0):
 garbage-first heap   total 153600K, used 142252K [0x0000000080000000, 0x0000000100000000)
  region size 1024K, 60 young (61440K), 3 survivors (3072K)
 Metaspace       used 90931K, committed 92864K, reserved 1179648K
  class space    used 12272K, committed 13248K, reserved 1048576K
}
Event: 12.732 GC heap after
{Heap after GC invocations=27 (full 0):
 garbage-first heap   total 153600K, used 89166K [0x0000000080000000, 0x0000000100000000)
  region size 1024K, 8 young (8192K), 8 survivors (8192K)
 Metaspace       used 90931K, committed 92864K, reserved 1179648K
  class space    used 12272K, committed 13248K, reserved 1048576K
}
Event: 13.254 GC heap before
{Heap before GC invocations=27 (full 0):
 garbage-first heap   total 153600K, used 136270K [0x0000000080000000, 0x0000000100000000)
  region size 1024K, 54 young (55296K), 8 survivors (8192K)
 Metaspace       used 94552K, committed 96448K, reserved 1179648K
  class space    used 12799K, committed 13760K, reserved 1048576K
}
Event: 13.262 GC heap after
{Heap after GC invocations=28 (full 0):
 garbage-first heap   total 153600K, used 90318K [0x0000000080000000, 0x0000000100000000)
  region size 1024K, 3 young (3072K), 3 survivors (3072K)
 Metaspace       used 94552K, committed 96448K, reserved 1179648K
  class space    used 12799K, committed 13760K, reserved 1048576K
}
Event: 13.880 GC heap before
{Heap before GC invocations=28 (full 0):
 garbage-first heap   total 153600K, used 141518K [0x0000000080000000, 0x0000000100000000)
  region size 1024K, 53 young (54272K), 3 survivors (3072K)
 Metaspace       used 98702K, committed 100736K, reserved 1179648K
  class space    used 13507K, committed 14528K, reserved 1048576K
}
Event: 13.885 GC heap after
{Heap after GC invocations=29 (full 0):
 garbage-first heap   total 153600K, used 91805K [0x0000000080000000, 0x0000000100000000)
  region size 1024K, 4 young (4096K), 4 survivors (4096K)
 Metaspace       used 98702K, committed 100736K, reserved 1179648K
  class space    used 13507K, committed 14528K, reserved 1048576K
}
Event: 14.464 GC heap before
{Heap before GC invocations=30 (full 0):
 garbage-first heap   total 162816K, used 139933K [0x0000000080000000, 0x0000000100000000)
  region size 1024K, 51 young (52224K), 4 survivors (4096K)
 Metaspace       used 101888K, committed 103936K, reserved 1179648K
  class space    used 14013K, committed 15040K, reserved 1048576K
}
Event: 14.471 GC heap after
{Heap after GC invocations=31 (full 0):
 garbage-first heap   total 162816K, used 95143K [0x0000000080000000, 0x0000000100000000)
  region size 1024K, 7 young (7168K), 7 survivors (7168K)
 Metaspace       used 101888K, committed 103936K, reserved 1179648K
  class space    used 14013K, committed 15040K, reserved 1048576K
}
Event: 15.061 GC heap before
{Heap before GC invocations=31 (full 0):
 garbage-first heap   total 162816K, used 146343K [0x0000000080000000, 0x0000000100000000)
  region size 1024K, 57 young (58368K), 7 survivors (7168K)
 Metaspace       used 106999K, committed 109120K, reserved 1179648K
  class space    used 14736K, committed 15808K, reserved 1048576K
}
Event: 15.070 GC heap after
{Heap after GC invocations=32 (full 0):
 garbage-first heap   total 162816K, used 96304K [0x0000000080000000, 0x0000000100000000)
  region size 1024K, 6 young (6144K), 6 survivors (6144K)
 Metaspace       used 106999K, committed 109120K, reserved 1179648K
  class space    used 14736K, committed 15808K, reserved 1048576K
}
Event: 15.538 GC heap before
{Heap before GC invocations=32 (full 0):
 garbage-first heap   total 162816K, used 140336K [0x0000000080000000, 0x0000000100000000)
  region size 1024K, 51 young (52224K), 6 survivors (6144K)
 Metaspace       used 109639K, committed 111680K, reserved 1179648K
  class space    used 15022K, committed 16064K, reserved 1048576K
}
Event: 15.548 GC heap after
{Heap after GC invocations=33 (full 0):
 garbage-first heap   total 195584K, used 102469K [0x0000000080000000, 0x0000000100000000)
  region size 1024K, 7 young (7168K), 7 survivors (7168K)
 Metaspace       used 109639K, committed 111680K, reserved 1179648K
  class space    used 15022K, committed 16064K, reserved 1048576K
}
Event: 15.549 GC heap before
{Heap before GC invocations=33 (full 0):
 garbage-first heap   total 195584K, used 103493K [0x0000000080000000, 0x0000000100000000)
  region size 1024K, 8 young (8192K), 7 survivors (7168K)
 Metaspace       used 109639K, committed 111680K, reserved 1179648K
  class space    used 15022K, committed 16064K, reserved 1048576K
}
Event: 15.555 GC heap after
{Heap after GC invocations=34 (full 0):
 garbage-first heap   total 195584K, used 103375K [0x0000000080000000, 0x0000000100000000)
  region size 1024K, 5 young (5120K), 5 survivors (5120K)
 Metaspace       used 109639K, committed 111680K, reserved 1179648K
  class space    used 15022K, committed 16064K, reserved 1048576K
}
Event: 16.235 GC heap before
{Heap before GC invocations=35 (full 0):
 garbage-first heap   total 195584K, used 181199K [0x0000000080000000, 0x0000000100000000)
  region size 1024K, 78 young (79872K), 5 survivors (5120K)
 Metaspace       used 112948K, committed 115008K, reserved 1179648K
  class space    used 15430K, committed 16448K, reserved 1048576K
}
Event: 16.246 GC heap after
{Heap after GC invocations=36 (full 0):
 garbage-first heap   total 195584K, used 108457K [0x0000000080000000, 0x0000000100000000)
  region size 1024K, 10 young (10240K), 10 survivors (10240K)
 Metaspace       used 112948K, committed 115008K, reserved 1179648K
  class space    used 15430K, committed 16448K, reserved 1048576K
}
Event: 17.139 GC heap before
{Heap before GC invocations=36 (full 0):
 garbage-first heap   total 195584K, used 172969K [0x0000000080000000, 0x0000000100000000)
  region size 1024K, 74 young (75776K), 10 survivors (10240K)
 Metaspace       used 115844K, committed 117952K, reserved 1179648K
  class space    used 15779K, committed 16832K, reserved 1048576K
}
Event: 17.152 GC heap after
{Heap after GC invocations=37 (full 0):
 garbage-first heap   total 195584K, used 113508K [0x0000000080000000, 0x0000000100000000)
  region size 1024K, 7 young (7168K), 7 survivors (7168K)
 Metaspace       used 115844K, committed 117952K, reserved 1179648K
  class space    used 15779K, committed 16832K, reserved 1048576K
}
Event: 17.805 GC heap before
{Heap before GC invocations=37 (full 0):
 garbage-first heap   total 195584K, used 175972K [0x0000000080000000, 0x0000000100000000)
  region size 1024K, 69 young (70656K), 7 survivors (7168K)
 Metaspace       used 117186K, committed 119360K, reserved 1179648K
  class space    used 15960K, committed 17024K, reserved 1048576K
}
Event: 17.815 GC heap after
{Heap after GC invocations=38 (full 0):
 garbage-first heap   total 195584K, used 117826K [0x0000000080000000, 0x0000000100000000)
  region size 1024K, 7 young (7168K), 7 survivors (7168K)
 Metaspace       used 117186K, committed 119360K, reserved 1179648K
  class space    used 15960K, committed 17024K, reserved 1048576K
}

